mode: set
github.com/GitEagleY/BookingsWebApp/internal/Handlers/handlers.go:24.47,28.2 1 1
github.com/GitEagleY/BookingsWebApp/internal/Handlers/handlers.go:31.33,33.2 1 1
github.com/GitEagleY/BookingsWebApp/internal/Handlers/handlers.go:36.67,41.2 3 1
github.com/GitEagleY/BookingsWebApp/internal/Handlers/handlers.go:44.68,56.2 5 1
github.com/GitEagleY/BookingsWebApp/internal/Handlers/handlers.go:59.74,67.2 4 1
github.com/GitEagleY/BookingsWebApp/internal/Handlers/handlers.go:70.78,72.16 2 0
github.com/GitEagleY/BookingsWebApp/internal/Handlers/handlers.go:72.16,75.3 2 0
github.com/GitEagleY/BookingsWebApp/internal/Handlers/handlers.go:76.2,90.19 6 0
github.com/GitEagleY/BookingsWebApp/internal/Handlers/handlers.go:90.19,99.3 4 0
github.com/GitEagleY/BookingsWebApp/internal/Handlers/handlers.go:101.2,103.66 2 0
github.com/GitEagleY/BookingsWebApp/internal/Handlers/handlers.go:108.71,110.2 1 1
github.com/GitEagleY/BookingsWebApp/internal/Handlers/handlers.go:113.69,115.2 1 1
github.com/GitEagleY/BookingsWebApp/internal/Handlers/handlers.go:118.75,120.2 1 1
github.com/GitEagleY/BookingsWebApp/internal/Handlers/handlers.go:123.79,128.2 3 1
github.com/GitEagleY/BookingsWebApp/internal/Handlers/handlers.go:131.70,133.2 1 1
github.com/GitEagleY/BookingsWebApp/internal/Handlers/handlers.go:140.79,146.16 3 0
github.com/GitEagleY/BookingsWebApp/internal/Handlers/handlers.go:146.16,148.3 1 0
github.com/GitEagleY/BookingsWebApp/internal/Handlers/handlers.go:149.2,151.14 3 0
github.com/GitEagleY/BookingsWebApp/internal/Handlers/handlers.go:155.81,157.9 2 0
github.com/GitEagleY/BookingsWebApp/internal/Handlers/handlers.go:157.9,162.3 4 0
github.com/GitEagleY/BookingsWebApp/internal/Handlers/handlers.go:163.2,169.4 4 0
